[2025-08-15 22:08:51,166] AUTO-UPDATE INFO: 🔍 Checking for updates...
[2025-08-15 22:08:54,930] AUTO-UPDATE INFO: ✅ Git command succeeded: git fetch origin
[2025-08-15 22:08:54,937] AUTO-UPDATE INFO: ✅ Git command succeeded: git rev-parse HEAD
[2025-08-15 22:08:54,943] AUTO-UPDATE INFO: ✅ Git command succeeded: git rev-parse origin/master
[2025-08-15 22:08:54,943] AUTO-UPDATE INFO: ✅ Update check completed: No updates available
[2025-08-15 22:09:12,614] AUTO-UPDATE INFO: 🔍 Checking for updates...
[2025-08-15 22:09:16,200] AUTO-UPDATE INFO: ✅ Git command succeeded: git fetch origin
[2025-08-15 22:09:16,207] AUTO-UPDATE INFO: ✅ Git command succeeded: git rev-parse HEAD
[2025-08-15 22:09:16,213] AUTO-UPDATE INFO: ✅ Git command succeeded: git rev-parse origin/master
[2025-08-15 22:09:16,214] AUTO-UPDATE INFO: ✅ Update check completed: No updates available
[2025-08-15 23:49:05,297] AUTO-UPDATE INFO: 🚀 Starting professional update process...
[2025-08-15 23:49:05,297] AUTO-UPDATE INFO: 🔍 Checking for updates...
[2025-08-15 23:49:08,591] AUTO-UPDATE INFO: ✅ Git command succeeded: git fetch origin
[2025-08-15 23:49:08,599] AUTO-UPDATE INFO: ✅ Git command succeeded: git rev-parse HEAD
[2025-08-15 23:49:08,606] AUTO-UPDATE INFO: ✅ Git command succeeded: git rev-parse origin/master
[2025-08-15 23:49:08,614] AUTO-UPDATE INFO: ✅ Git command succeeded: git log 76b679ff20598b99f9640c5b7015224c214b3d80..42bf72b6bc3da9658ede734200b1cbef1bdabf60 --oneline --max-count=10
[2025-08-15 23:49:08,615] AUTO-UPDATE INFO: ✅ Update check completed: Updates available
[2025-08-15 23:49:08,615] AUTO-UPDATE INFO: 🛑 Stopping all bots before update...
[2025-08-16 09:55:27,544] AUTO-UPDATE INFO: 🔍 Checking for updates...
[2025-08-16 09:55:31,554] AUTO-UPDATE INFO: ✅ Git command succeeded: git fetch origin
[2025-08-16 09:55:31,558] AUTO-UPDATE INFO: ✅ Git command succeeded: git rev-parse HEAD
[2025-08-16 09:55:31,563] AUTO-UPDATE INFO: ✅ Git command succeeded: git rev-parse origin/master
[2025-08-16 09:55:31,563] AUTO-UPDATE INFO: ✅ Update check completed: No updates available
[2025-08-16 09:55:34,131] AUTO-UPDATE INFO: 🔍 Checking for updates...
[2025-08-16 09:55:37,700] AUTO-UPDATE INFO: ✅ Git command succeeded: git fetch origin
[2025-08-16 09:55:37,706] AUTO-UPDATE INFO: ✅ Git command succeeded: git rev-parse HEAD
[2025-08-16 09:55:37,712] AUTO-UPDATE INFO: ✅ Git command succeeded: git rev-parse origin/master
[2025-08-16 09:55:37,713] AUTO-UPDATE INFO: ✅ Update check completed: No updates available
[2025-08-16 09:55:41,481] AUTO-UPDATE INFO: 🔍 Checking for updates...
[2025-08-16 09:55:45,268] AUTO-UPDATE INFO: ✅ Git command succeeded: git fetch origin
[2025-08-16 09:55:45,272] AUTO-UPDATE INFO: ✅ Git command succeeded: git rev-parse HEAD
[2025-08-16 09:55:45,277] AUTO-UPDATE INFO: ✅ Git command succeeded: git rev-parse origin/master
[2025-08-16 09:55:45,277] AUTO-UPDATE INFO: ✅ Update check completed: No updates available
[2025-08-16 09:55:45,279] AUTO-UPDATE INFO: 🔍 Checking for updates...
[2025-08-16 09:55:49,385] AUTO-UPDATE INFO: ✅ Git command succeeded: git fetch origin
[2025-08-16 09:55:49,391] AUTO-UPDATE INFO: ✅ Git command succeeded: git rev-parse HEAD
[2025-08-16 09:55:49,396] AUTO-UPDATE INFO: ✅ Git command succeeded: git rev-parse origin/master
[2025-08-16 09:55:49,396] AUTO-UPDATE INFO: ✅ Update check completed: No updates available
[2025-08-16 09:55:49,397] AUTO-UPDATE INFO: 🔍 Checking for updates...
[2025-08-16 09:55:53,265] AUTO-UPDATE INFO: ✅ Git command succeeded: git fetch origin
[2025-08-16 09:55:53,271] AUTO-UPDATE INFO: ✅ Git command succeeded: git rev-parse HEAD
[2025-08-16 09:55:53,278] AUTO-UPDATE INFO: ✅ Git command succeeded: git rev-parse origin/master
[2025-08-16 09:55:53,278] AUTO-UPDATE INFO: ✅ Update check completed: No updates available
[2025-08-16 09:55:53,279] AUTO-UPDATE INFO: 🔍 Checking for updates...
[2025-08-16 09:55:56,848] AUTO-UPDATE INFO: ✅ Git command succeeded: git fetch origin
[2025-08-16 09:55:56,855] AUTO-UPDATE INFO: ✅ Git command succeeded: git rev-parse HEAD
[2025-08-16 09:55:56,861] AUTO-UPDATE INFO: ✅ Git command succeeded: git rev-parse origin/master
[2025-08-16 09:55:56,862] AUTO-UPDATE INFO: ✅ Update check completed: No updates available
[2025-08-17 12:15:22,829] AUTO-UPDATE INFO: 🔍 Checking for updates...
[2025-08-17 12:15:27,143] AUTO-UPDATE INFO: ✅ Git command succeeded: git fetch origin
[2025-08-17 12:15:27,148] AUTO-UPDATE INFO: ✅ Git command succeeded: git rev-parse HEAD
[2025-08-17 12:15:27,153] AUTO-UPDATE INFO: ✅ Git command succeeded: git rev-parse origin/master
[2025-08-17 12:15:27,153] AUTO-UPDATE INFO: ✅ Update check completed: No updates available
[2025-08-17 12:16:13,595] AUTO-UPDATE INFO: 🔍 Checking for updates...
[2025-08-17 12:16:17,421] AUTO-UPDATE INFO: ✅ Git command succeeded: git fetch origin
[2025-08-17 12:16:17,426] AUTO-UPDATE INFO: ✅ Git command succeeded: git rev-parse HEAD
[2025-08-17 12:16:17,431] AUTO-UPDATE INFO: ✅ Git command succeeded: git rev-parse origin/master
[2025-08-17 12:16:17,431] AUTO-UPDATE INFO: ✅ Update check completed: No updates available
[2025-08-17 12:16:21,522] AUTO-UPDATE INFO: 🔍 Checking for updates...
[2025-08-17 12:16:25,922] AUTO-UPDATE INFO: ✅ Git command succeeded: git fetch origin
[2025-08-17 12:16:25,928] AUTO-UPDATE INFO: ✅ Git command succeeded: git rev-parse HEAD
[2025-08-17 12:16:25,933] AUTO-UPDATE INFO: ✅ Git command succeeded: git rev-parse origin/master
[2025-08-17 12:16:25,933] AUTO-UPDATE INFO: ✅ Update check completed: No updates available
[2025-08-17 12:16:25,935] AUTO-UPDATE INFO: 🔍 Checking for updates...
[2025-08-17 12:16:29,607] AUTO-UPDATE INFO: ✅ Git command succeeded: git fetch origin
[2025-08-17 12:16:29,612] AUTO-UPDATE INFO: ✅ Git command succeeded: git rev-parse HEAD
[2025-08-17 12:16:29,617] AUTO-UPDATE INFO: ✅ Git command succeeded: git rev-parse origin/master
[2025-08-17 12:16:29,617] AUTO-UPDATE INFO: ✅ Update check completed: No updates available
