nohup: ignoring input
[2025-08-17 05:23:42,430] INFO: Конфигурации ботов загружены из файла: 2 ботов
[2025-08-17 05:23:42,430] INFO: Бот 1 успешно запущен.
[2025-08-17 05:23:42,431] INFO: Бот 2 успешно запущен.
[2025-08-17 05:23:42,431] INFO: 🚀 Telegram Bot Manager API v2.0 Starting...
[2025-08-17 05:23:42,431] INFO: 📚 API v2 Documentation: http://localhost:5000/api/v2/docs
[2025-08-17 05:23:42,431] INFO: 🌐 Web Interface: http://localhost:5000/
[2025-08-17 05:23:42,431] INFO: 🔐 Default credentials: admin / securepassword123
[2025-08-17 05:23:42,431] INFO: 📡 Professional API Endpoints Added:
[2025-08-17 05:23:42,431] INFO:    • GET  /api/v2/system/health - System health check
[2025-08-17 05:23:42,432] INFO:    • GET  /api/v2/system/info - Detailed system information
[2025-08-17 05:23:42,432] INFO:    • GET  /api/v2/system/stats - Real-time statistics
[2025-08-17 05:23:42,432] INFO:    • GET  /api/v2/bots - Enhanced bot listing with pagination
[2025-08-17 05:23:42,432] INFO:    • POST /api/v2/bots - Create new bot
[2025-08-17 05:23:42,432] INFO:    • GET  /api/v2/bots/{id}/status - Detailed bot status
[2025-08-17 05:23:42,432] INFO:    • PUT  /api/v2/bots/{id} - Update bot configuration
[2025-08-17 05:23:42,432] INFO:    • DELETE /api/v2/bots/{id} - Delete bot
[2025-08-17 05:23:42,432] INFO:    • POST /api/v2/bots/{id}/start - Start bot
[2025-08-17 05:23:42,432] INFO:    • POST /api/v2/bots/{id}/stop - Stop bot
[2025-08-17 05:23:42,432] INFO:    • POST /api/v2/bots/{id}/restart - Restart bot
[2025-08-17 05:23:42,432] INFO: ⚠️  Remember to change default credentials in production!
[2025-08-17 05:23:42,432] INFO: 🔧 Запуск Flask-сервера на http://0.0.0.0:5000
 * Serving Flask app 'app'
 * Debug mode: off
[2025-08-17 05:23:42,442] INFO: [31m[1mWARNING: This is a development server. Do not use it in a production deployment. Use a production WSGI server instead.[0m
 * Running on all addresses (0.0.0.0)
 * Running on http://127.0.0.1:5000
 * Running on http://66.179.240.175:5000
[2025-08-17 05:23:42,443] INFO: [33mPress CTRL+C to quit[0m
[2025-08-17 05:23:42,805] INFO: Бот Mickey17_AI_bot запущен.
[2025-08-17 05:23:42,806] INFO: Запуск Telegram-бота @Mickey17_AI_bot...
[2025-08-17 05:23:42,810] INFO: Бот Unikku_show_bot запущен.
[2025-08-17 05:23:42,810] INFO: Запуск Telegram-бота @Unikku_show_bot...
[2025-08-17 05:23:42,916] INFO: Start polling
[2025-08-17 05:23:42,931] INFO: Start polling
[2025-08-17 05:23:43,026] INFO: Run polling for bot @Mickey17_AI_bot id=7858521362 - 'Mikky'
[2025-08-17 05:23:43,044] INFO: Run polling for bot @Unikku_show_bot id=7993164165 - "Unikku show's"
[2025-08-17 05:23:45,620] INFO: 171.5.2.29 - - [17/Aug/2025 05:23:45] "GET / HTTP/1.1" 200 -
[2025-08-17 05:23:56,564] INFO: 66.179.240.175 - - [17/Aug/2025 05:23:56] "HEAD / HTTP/1.1" 200 -
[2025-08-17 05:24:02,390] INFO: Запрос на остановку бота 1 отправлен.
[2025-08-17 05:24:02,390] INFO: 171.5.2.29 - - [17/Aug/2025 05:24:02] "POST /api/bots/1/stop HTTP/1.1" 200 -
[2025-08-17 05:24:02,390] INFO: Остановка бота @Unikku_show_bot по запросу.
[2025-08-17 05:24:02,390] INFO: Polling stopped
[2025-08-17 05:24:02,391] ERROR: Failed to fetch updates - TelegramNetworkError: HTTP Client says - ServerDisconnectedError: Server disconnected
[2025-08-17 05:24:02,391] WARNING: Sleep for 1.000000 seconds and try again... (tryings = 0, bot id = 7993164165)
[2025-08-17 05:24:02,713] INFO: 171.5.2.29 - - [17/Aug/2025 05:24:02] "GET / HTTP/1.1" 200 -
[2025-08-17 05:24:04,554] INFO: 127.0.0.1 - - [17/Aug/2025 05:24:04] "GET /api/version HTTP/1.1" 200 -
