[2025-08-15 23:23:08,918] INFO: Конфигурации ботов загружены из файла: 1 ботов
[2025-08-15 23:23:08,919] INFO: Бот 4 успешно запущен.
[2025-08-15 23:23:08,919] INFO: 🚀 Telegram Bot Manager API v2.0 Starting...
[2025-08-15 23:23:08,919] INFO: 📚 API v2 Documentation: http://localhost:60183/api/v2/docs
[2025-08-15 23:23:08,919] INFO: 🌐 Web Interface: http://localhost:60183/
[2025-08-15 23:23:08,919] INFO: 🔐 Default credentials: admin / securepassword123
[2025-08-15 23:23:08,919] INFO: 📡 Professional API Endpoints Added:
[2025-08-15 23:23:08,919] INFO:    • GET  /api/v2/system/health - System health check
[2025-08-15 23:23:08,919] INFO:    • GET  /api/v2/system/info - Detailed system information
[2025-08-15 23:23:08,919] INFO:    • GET  /api/v2/system/stats - Real-time statistics
[2025-08-15 23:23:08,919] INFO:    • GET  /api/v2/bots - Enhanced bot listing with pagination
[2025-08-15 23:23:08,919] INFO:    • POST /api/v2/bots - Create new bot
[2025-08-15 23:23:08,919] INFO:    • GET  /api/v2/bots/{id}/status - Detailed bot status
[2025-08-15 23:23:08,920] INFO:    • PUT  /api/v2/bots/{id} - Update bot configuration
[2025-08-15 23:23:08,920] INFO:    • DELETE /api/v2/bots/{id} - Delete bot
[2025-08-15 23:23:08,920] INFO:    • POST /api/v2/bots/{id}/start - Start bot
[2025-08-15 23:23:08,920] INFO:    • POST /api/v2/bots/{id}/stop - Stop bot
[2025-08-15 23:23:08,920] INFO:    • POST /api/v2/bots/{id}/restart - Restart bot
[2025-08-15 23:23:08,920] INFO: ⚠️  Remember to change default credentials in production!
[2025-08-15 23:23:08,920] INFO: 🔧 Запуск Flask-сервера на http://0.0.0.0:60183
 * Serving Flask app 'app'
 * Debug mode: off
[2025-08-15 23:23:08,925] INFO: [31m[1mWARNING: This is a development server. Do not use it in a production deployment. Use a production WSGI server instead.[0m
 * Running on all addresses (0.0.0.0)
 * Running on http://127.0.0.1:60183
 * Running on http://192.168.1.102:60183
[2025-08-15 23:23:08,925] INFO: [33mPress CTRL+C to quit[0m
[2025-08-15 23:23:09,674] INFO: Бот diosybot запущен.
[2025-08-15 23:23:09,674] INFO: Запуск Telegram-бота @diosybot...
[2025-08-15 23:23:09,973] INFO: Start polling
[2025-08-15 23:23:10,179] INFO: Run polling for bot @diosybot id=7684104886 - 'D!P$Y'
[2025-08-15 23:23:19,161] INFO: 127.0.0.1 - - [15/Aug/2025 23:23:19] "GET /api/update/status HTTP/1.1" 200 -
[2025-08-15 23:23:29,520] AUTO-UPDATE INFO: 🚀 Starting professional update process...
[2025-08-15 23:23:29,520] INFO: 🚀 Starting professional update process...
[2025-08-15 23:23:29,520] AUTO-UPDATE INFO: 🔍 Checking for updates...
[2025-08-15 23:23:29,520] INFO: 🔍 Checking for updates...
[2025-08-15 23:23:34,451] AUTO-UPDATE INFO: ✅ Git command succeeded: git fetch origin
[2025-08-15 23:23:34,451] INFO: ✅ Git command succeeded: git fetch origin
[2025-08-15 23:23:34,457] AUTO-UPDATE INFO: ✅ Git command succeeded: git rev-parse HEAD
[2025-08-15 23:23:34,457] INFO: ✅ Git command succeeded: git rev-parse HEAD
[2025-08-15 23:23:34,461] AUTO-UPDATE INFO: ✅ Git command succeeded: git rev-parse origin/master
[2025-08-15 23:23:34,461] INFO: ✅ Git command succeeded: git rev-parse origin/master
[2025-08-15 23:23:34,466] AUTO-UPDATE INFO: ✅ Git command succeeded: git log df006d2c6ca71fa8ae7e91157cfb2b930dcf881f..26d1ab962018f5b4675775d412a1cf7ce0029fab --oneline --max-count=10
[2025-08-15 23:23:34,466] INFO: ✅ Git command succeeded: git log df006d2c6ca71fa8ae7e91157cfb2b930dcf881f..26d1ab962018f5b4675775d412a1cf7ce0029fab --oneline --max-count=10
[2025-08-15 23:23:34,466] AUTO-UPDATE INFO: ✅ Update check completed: Updates available
[2025-08-15 23:23:34,466] INFO: ✅ Update check completed: Updates available
[2025-08-15 23:23:34,466] AUTO-UPDATE INFO: 🛑 Stopping all bots before update...
[2025-08-15 23:23:34,466] INFO: 🛑 Stopping all bots before update...
[2025-08-15 23:23:34,467] INFO: 🛑 Instant stop bot 4
[2025-08-15 23:23:34,467] INFO: ✅ Bot 4 force stopped
[2025-08-15 23:23:34,467] AUTO-UPDATE INFO: 🛑 Stopped bot 4
[2025-08-15 23:23:34,467] INFO: 🛑 Stopped bot 4
[2025-08-15 23:23:34,467] AUTO-UPDATE INFO: 📦 Creating backup: backup_20250815_232334
[2025-08-15 23:23:34,467] INFO: 📦 Creating backup: backup_20250815_232334
[2025-08-15 23:23:34,472] AUTO-UPDATE INFO: ✅ Git command succeeded: git rev-parse HEAD
[2025-08-15 23:23:34,472] INFO: ✅ Git command succeeded: git rev-parse HEAD
[2025-08-15 23:23:34,472] AUTO-UPDATE INFO: ✅ Backup created successfully: backup_20250815_232334
[2025-08-15 23:23:34,472] INFO: ✅ Backup created successfully: backup_20250815_232334
[2025-08-15 23:23:34,473] AUTO-UPDATE INFO: 📥 Performing git pull...
[2025-08-15 23:23:34,473] INFO: 📥 Performing git pull...
[2025-08-15 23:23:38,244] AUTO-UPDATE INFO: ✅ Git command succeeded: git pull origin master
[2025-08-15 23:23:38,244] INFO: ✅ Git command succeeded: git pull origin master
[2025-08-15 23:23:38,244] AUTO-UPDATE INFO: ✅ Validating update...
[2025-08-15 23:23:38,244] INFO: ✅ Validating update...
[2025-08-15 23:23:38,244] AUTO-UPDATE INFO: ✅ All critical files validated successfully
[2025-08-15 23:23:38,244] INFO: ✅ All critical files validated successfully
[2025-08-15 23:23:38,244] INFO: Конфигурации ботов сохранены в файл
[2025-08-15 23:23:39,244] AUTO-UPDATE INFO: 🔄 Preparing application restart...
[2025-08-15 23:23:39,244] INFO: 🔄 Preparing application restart...
[2025-08-15 23:23:39,245] AUTO-UPDATE INFO: ✅ Update completed successfully, restarting application...
[2025-08-15 23:23:39,245] INFO: ✅ Update completed successfully, restarting application...
[2025-08-15 23:23:39,245] INFO: 127.0.0.1 - - [15/Aug/2025 23:23:39] "POST /api/update HTTP/1.1" 200 -
