[2025-08-15 23:03:40,740] INFO: Конфигурации ботов загружены из файла: 1 ботов
[2025-08-15 23:03:40,741] INFO: Бот 4 успешно запущен.
[2025-08-15 23:03:40,741] INFO: 🚀 Telegram Bot Manager API v2.0 Starting...
[2025-08-15 23:03:40,741] INFO: 📚 API v2 Documentation: http://localhost:60183/api/v2/docs
[2025-08-15 23:03:40,741] INFO: 🌐 Web Interface: http://localhost:60183/
[2025-08-15 23:03:40,741] INFO: 🔐 Default credentials: admin / securepassword123
[2025-08-15 23:03:40,741] INFO: 📡 Professional API Endpoints Added:
[2025-08-15 23:03:40,741] INFO:    • GET  /api/v2/system/health - System health check
[2025-08-15 23:03:40,742] INFO:    • GET  /api/v2/system/info - Detailed system information
[2025-08-15 23:03:40,742] INFO:    • GET  /api/v2/system/stats - Real-time statistics
[2025-08-15 23:03:40,742] INFO:    • GET  /api/v2/bots - Enhanced bot listing with pagination
[2025-08-15 23:03:40,742] INFO:    • POST /api/v2/bots - Create new bot
[2025-08-15 23:03:40,742] INFO:    • GET  /api/v2/bots/{id}/status - Detailed bot status
[2025-08-15 23:03:40,742] INFO:    • PUT  /api/v2/bots/{id} - Update bot configuration
[2025-08-15 23:03:40,742] INFO:    • DELETE /api/v2/bots/{id} - Delete bot
[2025-08-15 23:03:40,742] INFO:    • POST /api/v2/bots/{id}/start - Start bot
[2025-08-15 23:03:40,742] INFO:    • POST /api/v2/bots/{id}/stop - Stop bot
[2025-08-15 23:03:40,743] INFO:    • POST /api/v2/bots/{id}/restart - Restart bot
[2025-08-15 23:03:40,743] INFO: ⚠️  Remember to change default credentials in production!
[2025-08-15 23:03:40,743] INFO: 🔧 Запуск Flask-сервера на http://0.0.0.0:60183
 * Serving Flask app 'app'
 * Debug mode: off
[2025-08-15 23:03:40,746] INFO: [31m[1mWARNING: This is a development server. Do not use it in a production deployment. Use a production WSGI server instead.[0m
 * Running on all addresses (0.0.0.0)
 * Running on http://127.0.0.1:60183
 * Running on http://192.168.1.102:60183
[2025-08-15 23:03:40,746] INFO: [33mPress CTRL+C to quit[0m
[2025-08-15 23:03:41,714] INFO: Бот diosybot запущен.
[2025-08-15 23:03:41,714] INFO: Запуск Telegram-бота @diosybot...
[2025-08-15 23:03:42,022] INFO: Start polling
[2025-08-15 23:03:42,243] INFO: Run polling for bot @diosybot id=7684104886 - 'D!P$Y'
[2025-08-15 23:03:53,463] INFO: 127.0.0.1 - - [15/Aug/2025 23:03:53] "[31m[1mGET / HTTP/1.1[0m" 401 -
[2025-08-15 23:03:53,480] WARNING: Бот 4 уже запущен.
[2025-08-15 23:03:53,480] INFO: 127.0.0.1 - - [15/Aug/2025 23:03:53] "[31m[1mPOST /api/bots/4/start HTTP/1.1[0m" 400 -
[2025-08-15 23:03:53,514] AUTO-UPDATE INFO: 🚀 Starting professional update process...
[2025-08-15 23:03:53,514] INFO: 🚀 Starting professional update process...
[2025-08-15 23:03:53,514] AUTO-UPDATE INFO: 🔍 Checking for updates...
[2025-08-15 23:03:53,514] INFO: 🔍 Checking for updates...
[2025-08-15 23:03:57,693] AUTO-UPDATE INFO: ✅ Git command succeeded: git fetch origin
[2025-08-15 23:03:57,693] INFO: ✅ Git command succeeded: git fetch origin
[2025-08-15 23:03:57,699] AUTO-UPDATE INFO: ✅ Git command succeeded: git rev-parse HEAD
[2025-08-15 23:03:57,699] INFO: ✅ Git command succeeded: git rev-parse HEAD
[2025-08-15 23:03:57,705] AUTO-UPDATE INFO: ✅ Git command succeeded: git rev-parse origin/master
[2025-08-15 23:03:57,705] INFO: ✅ Git command succeeded: git rev-parse origin/master
[2025-08-15 23:03:57,711] AUTO-UPDATE INFO: ✅ Git command succeeded: git log df006d2c6ca71fa8ae7e91157cfb2b930dcf881f..26d1ab962018f5b4675775d412a1cf7ce0029fab --oneline --max-count=10
[2025-08-15 23:03:57,711] INFO: ✅ Git command succeeded: git log df006d2c6ca71fa8ae7e91157cfb2b930dcf881f..26d1ab962018f5b4675775d412a1cf7ce0029fab --oneline --max-count=10
[2025-08-15 23:03:57,711] AUTO-UPDATE INFO: ✅ Update check completed: Updates available
[2025-08-15 23:03:57,711] INFO: ✅ Update check completed: Updates available
[2025-08-15 23:03:57,711] AUTO-UPDATE INFO: 🛑 Stopping all bots before update...
[2025-08-15 23:03:57,711] INFO: 🛑 Stopping all bots before update...
[2025-08-15 23:03:57,711] INFO: Запрос на остановку бота 4 отправлен.
[2025-08-15 23:03:57,711] INFO: Ожидание завершения потока бота 4...
[2025-08-15 23:03:57,711] INFO: Остановка бота @diosybot по запросу.
[2025-08-15 23:03:57,711] INFO: Polling stopped
[2025-08-15 23:03:57,712] ERROR: Failed to fetch updates - TelegramNetworkError: HTTP Client says - ServerDisconnectedError: Server disconnected
[2025-08-15 23:03:57,712] WARNING: Sleep for 1.000000 seconds and try again... (tryings = 0, bot id = 7684104886)
[2025-08-15 23:03:57,962] INFO: Бот 4 успешно остановлен и очищен.
[2025-08-15 23:03:57,963] AUTO-UPDATE INFO: 🛑 Bot 4: Бот остановлен
[2025-08-15 23:03:57,963] INFO: 🛑 Bot 4: Бот остановлен
[2025-08-15 23:03:57,963] AUTO-UPDATE INFO: ✅ All bots stopped successfully
[2025-08-15 23:03:57,963] INFO: ✅ All bots stopped successfully
[2025-08-15 23:03:57,963] AUTO-UPDATE INFO: 📦 Creating backup: backup_20250815_230357
[2025-08-15 23:03:57,963] INFO: 📦 Creating backup: backup_20250815_230357
[2025-08-15 23:03:57,969] AUTO-UPDATE INFO: ✅ Git command succeeded: git rev-parse HEAD
[2025-08-15 23:03:57,969] INFO: ✅ Git command succeeded: git rev-parse HEAD
[2025-08-15 23:03:57,970] AUTO-UPDATE INFO: ✅ Backup created successfully: backup_20250815_230357
[2025-08-15 23:03:57,970] INFO: ✅ Backup created successfully: backup_20250815_230357
[2025-08-15 23:03:57,970] AUTO-UPDATE INFO: 📥 Performing git pull...
[2025-08-15 23:03:57,970] INFO: 📥 Performing git pull...
[2025-08-15 23:04:02,008] AUTO-UPDATE INFO: ✅ Git command succeeded: git pull origin master
[2025-08-15 23:04:02,008] INFO: ✅ Git command succeeded: git pull origin master
[2025-08-15 23:04:02,009] AUTO-UPDATE INFO: ✅ Validating update...
[2025-08-15 23:04:02,009] INFO: ✅ Validating update...
[2025-08-15 23:04:02,009] AUTO-UPDATE ERROR: 💥 Critical file missing after update: src/app.py
[2025-08-15 23:04:02,009] ERROR: 💥 Critical file missing after update: src/app.py
[2025-08-15 23:04:02,009] AUTO-UPDATE INFO: 🔄 Restoring from backup: backup_20250815_230357
[2025-08-15 23:04:02,009] INFO: 🔄 Restoring from backup: backup_20250815_230357
[2025-08-15 23:04:02,009] AUTO-UPDATE INFO: 📋 Restoring to commit: df006d2c6ca71fa8ae7e91157cfb2b930dcf881f
[2025-08-15 23:04:02,009] INFO: 📋 Restoring to commit: df006d2c6ca71fa8ae7e91157cfb2b930dcf881f
[2025-08-15 23:04:02,017] AUTO-UPDATE INFO: ✅ Git command succeeded: git reset --hard df006d2c6ca71fa8ae7e91157cfb2b930dcf881f
[2025-08-15 23:04:02,017] INFO: ✅ Git command succeeded: git reset --hard df006d2c6ca71fa8ae7e91157cfb2b930dcf881f
[2025-08-15 23:04:02,018] AUTO-UPDATE INFO: ✅ Backup restored successfully: backup_20250815_230357
[2025-08-15 23:04:02,018] INFO: ✅ Backup restored successfully: backup_20250815_230357
[2025-08-15 23:04:02,018] AUTO-UPDATE ERROR: 💥 Update failed: Critical file missing: src/app.py
[2025-08-15 23:04:02,018] ERROR: 💥 Update failed: Critical file missing: src/app.py
[2025-08-15 23:04:02,018] INFO: 127.0.0.1 - - [15/Aug/2025 23:04:02] "[35m[1mPOST /api/update HTTP/1.1[0m" 500 -
