[2025-08-15 23:33:45,492] INFO: Конфигурации ботов загружены из файла: 1 ботов
[2025-08-15 23:33:45,493] INFO: Бот 4 успешно запущен.
[2025-08-15 23:33:45,493] INFO: 🚀 Telegram Bot Manager API v2.0 Starting...
[2025-08-15 23:33:45,493] INFO: 📚 API v2 Documentation: http://localhost:60183/api/v2/docs
[2025-08-15 23:33:45,493] INFO: 🌐 Web Interface: http://localhost:60183/
[2025-08-15 23:33:45,494] INFO: 🔐 Default credentials: admin / securepassword123
[2025-08-15 23:33:45,494] INFO: 📡 Professional API Endpoints Added:
[2025-08-15 23:33:45,494] INFO:    • GET  /api/v2/system/health - System health check
[2025-08-15 23:33:45,494] INFO:    • GET  /api/v2/system/info - Detailed system information
[2025-08-15 23:33:45,494] INFO:    • GET  /api/v2/system/stats - Real-time statistics
[2025-08-15 23:33:45,494] INFO:    • GET  /api/v2/bots - Enhanced bot listing with pagination
[2025-08-15 23:33:45,494] INFO:    • POST /api/v2/bots - Create new bot
[2025-08-15 23:33:45,494] INFO:    • GET  /api/v2/bots/{id}/status - Detailed bot status
[2025-08-15 23:33:45,494] INFO:    • PUT  /api/v2/bots/{id} - Update bot configuration
[2025-08-15 23:33:45,495] INFO:    • DELETE /api/v2/bots/{id} - Delete bot
[2025-08-15 23:33:45,495] INFO:    • POST /api/v2/bots/{id}/start - Start bot
[2025-08-15 23:33:45,495] INFO:    • POST /api/v2/bots/{id}/stop - Stop bot
[2025-08-15 23:33:45,495] INFO:    • POST /api/v2/bots/{id}/restart - Restart bot
[2025-08-15 23:33:45,495] INFO: ⚠️  Remember to change default credentials in production!
[2025-08-15 23:33:45,495] INFO: 🔧 Запуск Flask-сервера на http://0.0.0.0:60183
 * Serving Flask app 'app'
 * Debug mode: off
[2025-08-15 23:33:45,500] INFO: [31m[1mWARNING: This is a development server. Do not use it in a production deployment. Use a production WSGI server instead.[0m
 * Running on all addresses (0.0.0.0)
 * Running on http://127.0.0.1:60183
 * Running on http://192.168.1.102:60183
[2025-08-15 23:33:45,500] INFO: [33mPress CTRL+C to quit[0m
[2025-08-15 23:33:46,585] INFO: Бот diosybot запущен.
[2025-08-15 23:33:46,585] INFO: Запуск Telegram-бота @diosybot...
[2025-08-15 23:33:46,893] INFO: Start polling
[2025-08-15 23:33:47,198] INFO: Run polling for bot @diosybot id=7684104886 - 'D!P$Y'
[2025-08-15 23:33:55,298] INFO: 127.0.0.1 - - [15/Aug/2025 23:33:55] "GET /api/update/status HTTP/1.1" 200 -
[2025-08-15 23:34:05,590] AUTO-UPDATE INFO: 🚀 Starting professional update process...
[2025-08-15 23:34:05,590] INFO: 🚀 Starting professional update process...
[2025-08-15 23:34:05,590] AUTO-UPDATE INFO: 🔍 Checking for updates...
[2025-08-15 23:34:05,590] INFO: 🔍 Checking for updates...
[2025-08-15 23:34:10,543] AUTO-UPDATE INFO: ✅ Git command succeeded: git fetch origin
[2025-08-15 23:34:10,543] INFO: ✅ Git command succeeded: git fetch origin
[2025-08-15 23:34:10,552] AUTO-UPDATE INFO: ✅ Git command succeeded: git rev-parse HEAD
[2025-08-15 23:34:10,552] INFO: ✅ Git command succeeded: git rev-parse HEAD
[2025-08-15 23:34:10,561] AUTO-UPDATE INFO: ✅ Git command succeeded: git rev-parse origin/master
[2025-08-15 23:34:10,561] INFO: ✅ Git command succeeded: git rev-parse origin/master
[2025-08-15 23:34:10,571] AUTO-UPDATE INFO: ✅ Git command succeeded: git log 26d1ab962018f5b4675775d412a1cf7ce0029fab..f72ec301f2550536bb51a146bd03699ed543ada7 --oneline --max-count=10
[2025-08-15 23:34:10,571] INFO: ✅ Git command succeeded: git log 26d1ab962018f5b4675775d412a1cf7ce0029fab..f72ec301f2550536bb51a146bd03699ed543ada7 --oneline --max-count=10
[2025-08-15 23:34:10,571] AUTO-UPDATE INFO: ✅ Update check completed: Updates available
[2025-08-15 23:34:10,571] INFO: ✅ Update check completed: Updates available
[2025-08-15 23:34:10,571] AUTO-UPDATE INFO: 🛑 Stopping all bots before update...
[2025-08-15 23:34:10,571] INFO: 🛑 Stopping all bots before update...
[2025-08-15 23:34:10,572] AUTO-UPDATE INFO: 📋 Found 1 running bots to stop
[2025-08-15 23:34:10,572] INFO: 📋 Found 1 running bots to stop
[2025-08-15 23:34:10,572] AUTO-UPDATE INFO: 🛑 Stopping bot 4...
[2025-08-15 23:34:10,572] INFO: 🛑 Stopping bot 4...
[2025-08-15 23:34:10,572] INFO: Запрос на остановку бота 4 отправлен.
[2025-08-15 23:34:10,572] AUTO-UPDATE INFO: ✅ Bot 4: Бот останавливается
[2025-08-15 23:34:10,572] INFO: ✅ Bot 4: Бот останавливается
[2025-08-15 23:34:10,573] AUTO-UPDATE INFO: ✅ Bot stopping process completed
[2025-08-15 23:34:10,573] INFO: ✅ Bot stopping process completed
[2025-08-15 23:34:10,573] INFO: Остановка бота @diosybot по запросу.
[2025-08-15 23:34:10,573] AUTO-UPDATE INFO: 📦 Creating backup: backup_20250815_233410
[2025-08-15 23:34:10,574] INFO: Polling stopped
[2025-08-15 23:34:10,573] INFO: 📦 Creating backup: backup_20250815_233410
[2025-08-15 23:34:10,574] ERROR: Failed to fetch updates - TelegramNetworkError: HTTP Client says - ServerDisconnectedError: Server disconnected
[2025-08-15 23:34:10,576] WARNING: Sleep for 1.000000 seconds and try again... (tryings = 0, bot id = 7684104886)
[2025-08-15 23:34:10,585] AUTO-UPDATE INFO: ✅ Git command succeeded: git rev-parse HEAD
[2025-08-15 23:34:10,585] INFO: ✅ Git command succeeded: git rev-parse HEAD
[2025-08-15 23:34:10,586] AUTO-UPDATE INFO: ✅ Backup created successfully: backup_20250815_233410
[2025-08-15 23:34:10,586] INFO: ✅ Backup created successfully: backup_20250815_233410
[2025-08-15 23:34:10,586] AUTO-UPDATE INFO: 📥 Performing git pull...
[2025-08-15 23:34:10,586] INFO: 📥 Performing git pull...
[2025-08-15 23:34:17,357] AUTO-UPDATE INFO: ✅ Git command succeeded: git pull origin master
[2025-08-15 23:34:17,357] INFO: ✅ Git command succeeded: git pull origin master
[2025-08-15 23:34:17,357] AUTO-UPDATE INFO: ✅ Validating update...
[2025-08-15 23:34:17,357] INFO: ✅ Validating update...
[2025-08-15 23:34:17,357] AUTO-UPDATE ERROR: 💥 Critical file missing after update: src/app.py
[2025-08-15 23:34:17,357] ERROR: 💥 Critical file missing after update: src/app.py
[2025-08-15 23:34:17,357] AUTO-UPDATE INFO: 🔄 Restoring from backup: backup_20250815_233410
[2025-08-15 23:34:17,357] INFO: 🔄 Restoring from backup: backup_20250815_233410
[2025-08-15 23:34:17,358] AUTO-UPDATE INFO: 📋 Restoring to commit: 26d1ab962018f5b4675775d412a1cf7ce0029fab
[2025-08-15 23:34:17,358] INFO: 📋 Restoring to commit: 26d1ab962018f5b4675775d412a1cf7ce0029fab
[2025-08-15 23:34:17,372] AUTO-UPDATE INFO: ✅ Git command succeeded: git reset --hard 26d1ab962018f5b4675775d412a1cf7ce0029fab
[2025-08-15 23:34:17,372] INFO: ✅ Git command succeeded: git reset --hard 26d1ab962018f5b4675775d412a1cf7ce0029fab
[2025-08-15 23:34:17,372] AUTO-UPDATE INFO: ✅ Backup restored successfully: backup_20250815_233410
[2025-08-15 23:34:17,372] INFO: ✅ Backup restored successfully: backup_20250815_233410
[2025-08-15 23:34:17,373] AUTO-UPDATE ERROR: 💥 Update failed: Critical file missing: src/app.py
[2025-08-15 23:34:17,373] ERROR: 💥 Update failed: Critical file missing: src/app.py
[2025-08-15 23:34:17,373] INFO: 127.0.0.1 - - [15/Aug/2025 23:34:17] "[35m[1mPOST /api/update HTTP/1.1[0m" 500 -
[2025-08-15 23:34:28,377] INFO: 127.0.0.1 - - [15/Aug/2025 23:34:28] "[31m[1mGET / HTTP/1.1[0m" 401 -
