[2025-08-15 23:04:56,587] INFO: Конфигурации ботов загружены из файла: 1 ботов
[2025-08-15 23:04:56,587] INFO: Бот 4 успешно запущен.
[2025-08-15 23:04:56,587] INFO: 🚀 Telegram Bot Manager API v2.0 Starting...
[2025-08-15 23:04:56,587] INFO: 📚 API v2 Documentation: http://localhost:60183/api/v2/docs
[2025-08-15 23:04:56,587] INFO: 🌐 Web Interface: http://localhost:60183/
[2025-08-15 23:04:56,587] INFO: 🔐 Default credentials: admin / securepassword123
[2025-08-15 23:04:56,587] INFO: 📡 Professional API Endpoints Added:
[2025-08-15 23:04:56,587] INFO:    • GET  /api/v2/system/health - System health check
[2025-08-15 23:04:56,587] INFO:    • GET  /api/v2/system/info - Detailed system information
[2025-08-15 23:04:56,587] INFO:    • GET  /api/v2/system/stats - Real-time statistics
[2025-08-15 23:04:56,587] INFO:    • GET  /api/v2/bots - Enhanced bot listing with pagination
[2025-08-15 23:04:56,587] INFO:    • POST /api/v2/bots - Create new bot
[2025-08-15 23:04:56,588] INFO:    • GET  /api/v2/bots/{id}/status - Detailed bot status
[2025-08-15 23:04:56,588] INFO:    • PUT  /api/v2/bots/{id} - Update bot configuration
[2025-08-15 23:04:56,588] INFO:    • DELETE /api/v2/bots/{id} - Delete bot
[2025-08-15 23:04:56,588] INFO:    • POST /api/v2/bots/{id}/start - Start bot
[2025-08-15 23:04:56,588] INFO:    • POST /api/v2/bots/{id}/stop - Stop bot
[2025-08-15 23:04:56,588] INFO:    • POST /api/v2/bots/{id}/restart - Restart bot
[2025-08-15 23:04:56,588] INFO: ⚠️  Remember to change default credentials in production!
[2025-08-15 23:04:56,588] INFO: 🔧 Запуск Flask-сервера на http://0.0.0.0:60183
 * Serving Flask app 'app'
 * Debug mode: off
[2025-08-15 23:04:56,593] INFO: [31m[1mWARNING: This is a development server. Do not use it in a production deployment. Use a production WSGI server instead.[0m
 * Running on all addresses (0.0.0.0)
 * Running on http://127.0.0.1:60183
 * Running on http://192.168.1.102:60183
[2025-08-15 23:04:56,593] INFO: [33mPress CTRL+C to quit[0m
[2025-08-15 23:04:57,796] INFO: Бот diosybot запущен.
[2025-08-15 23:04:57,796] INFO: Запуск Telegram-бота @diosybot...
[2025-08-15 23:04:58,004] INFO: Start polling
[2025-08-15 23:04:58,308] INFO: Run polling for bot @diosybot id=7684104886 - 'D!P$Y'
[2025-08-15 23:05:08,451] INFO: 127.0.0.1 - - [15/Aug/2025 23:05:08] "[31m[1mGET / HTTP/1.1[0m" 401 -
[2025-08-15 23:05:08,460] WARNING: Бот 4 уже запущен.
[2025-08-15 23:05:08,461] INFO: 127.0.0.1 - - [15/Aug/2025 23:05:08] "[31m[1mPOST /api/bots/4/start HTTP/1.1[0m" 400 -
[2025-08-15 23:05:08,471] AUTO-UPDATE INFO: 🚀 Starting professional update process...
[2025-08-15 23:05:08,471] INFO: 🚀 Starting professional update process...
[2025-08-15 23:05:08,472] AUTO-UPDATE INFO: 🔍 Checking for updates...
[2025-08-15 23:05:08,472] INFO: 🔍 Checking for updates...
[2025-08-15 23:05:13,366] AUTO-UPDATE INFO: ✅ Git command succeeded: git fetch origin
[2025-08-15 23:05:13,366] INFO: ✅ Git command succeeded: git fetch origin
[2025-08-15 23:05:13,372] AUTO-UPDATE INFO: ✅ Git command succeeded: git rev-parse HEAD
[2025-08-15 23:05:13,372] INFO: ✅ Git command succeeded: git rev-parse HEAD
[2025-08-15 23:05:13,378] AUTO-UPDATE INFO: ✅ Git command succeeded: git rev-parse origin/master
[2025-08-15 23:05:13,378] INFO: ✅ Git command succeeded: git rev-parse origin/master
[2025-08-15 23:05:13,384] AUTO-UPDATE INFO: ✅ Git command succeeded: git log df006d2c6ca71fa8ae7e91157cfb2b930dcf881f..26d1ab962018f5b4675775d412a1cf7ce0029fab --oneline --max-count=10
[2025-08-15 23:05:13,384] INFO: ✅ Git command succeeded: git log df006d2c6ca71fa8ae7e91157cfb2b930dcf881f..26d1ab962018f5b4675775d412a1cf7ce0029fab --oneline --max-count=10
[2025-08-15 23:05:13,384] AUTO-UPDATE INFO: ✅ Update check completed: Updates available
[2025-08-15 23:05:13,384] INFO: ✅ Update check completed: Updates available
[2025-08-15 23:05:13,384] AUTO-UPDATE INFO: 🛑 Stopping all bots before update...
[2025-08-15 23:05:13,384] INFO: 🛑 Stopping all bots before update...
[2025-08-15 23:08:24,896] INFO: 127.0.0.1 - - [15/Aug/2025 23:08:24] "[31m[1mGET / HTTP/1.1[0m" 401 -
[2025-08-15 23:14:21,088] INFO: 127.0.0.1 - - [15/Aug/2025 23:14:21] "[31m[1mGET / HTTP/1.1[0m" 401 -
[2025-08-15 23:16:36,506] INFO: 127.0.0.1 - - [15/Aug/2025 23:16:36] "[31m[1mGET /api/bots HTTP/1.1[0m" 405 -
[2025-08-15 23:19:00,765] INFO: 127.0.0.1 - - [15/Aug/2025 23:19:00] "GET /api/update/status HTTP/1.1" 200 -
