[2025-08-15 22:46:16,025] INFO: Конфигурации ботов загружены из файла: 1 ботов
[2025-08-15 22:46:16,025] INFO: Бот 4 успешно запущен.
[2025-08-15 22:46:16,026] INFO: 🚀 Telegram Bot Manager API v2.0 Starting...
[2025-08-15 22:46:16,026] INFO: 📚 API v2 Documentation: http://localhost:60183/api/v2/docs
[2025-08-15 22:46:16,026] INFO: 🌐 Web Interface: http://localhost:60183/
[2025-08-15 22:46:16,026] INFO: 🔐 Default credentials: admin / securepassword123
[2025-08-15 22:46:16,026] INFO: 📡 Professional API Endpoints Added:
[2025-08-15 22:46:16,026] INFO:    • GET  /api/v2/system/health - System health check
[2025-08-15 22:46:16,026] INFO:    • GET  /api/v2/system/info - Detailed system information
[2025-08-15 22:46:16,026] INFO:    • GET  /api/v2/system/stats - Real-time statistics
[2025-08-15 22:46:16,026] INFO:    • GET  /api/v2/bots - Enhanced bot listing with pagination
[2025-08-15 22:46:16,026] INFO:    • POST /api/v2/bots - Create new bot
[2025-08-15 22:46:16,026] INFO:    • GET  /api/v2/bots/{id}/status - Detailed bot status
[2025-08-15 22:46:16,026] INFO:    • PUT  /api/v2/bots/{id} - Update bot configuration
[2025-08-15 22:46:16,026] INFO:    • DELETE /api/v2/bots/{id} - Delete bot
[2025-08-15 22:46:16,026] INFO:    • POST /api/v2/bots/{id}/start - Start bot
[2025-08-15 22:46:16,026] INFO:    • POST /api/v2/bots/{id}/stop - Stop bot
[2025-08-15 22:46:16,026] INFO:    • POST /api/v2/bots/{id}/restart - Restart bot
[2025-08-15 22:46:16,026] INFO: ⚠️  Remember to change default credentials in production!
[2025-08-15 22:46:16,026] INFO: 🔧 Запуск Flask-сервера на http://0.0.0.0:60183
 * Serving Flask app 'app'
 * Debug mode: off
[2025-08-15 22:46:16,031] INFO: [31m[1mWARNING: This is a development server. Do not use it in a production deployment. Use a production WSGI server instead.[0m
 * Running on all addresses (0.0.0.0)
 * Running on http://127.0.0.1:60183
 * Running on http://192.168.1.102:60183
[2025-08-15 22:46:16,031] INFO: [33mPress CTRL+C to quit[0m
[2025-08-15 22:46:17,053] INFO: Бот diosybot запущен.
[2025-08-15 22:46:17,053] INFO: Запуск Telegram-бота @diosybot...
[2025-08-15 22:46:17,360] INFO: Start polling
[2025-08-15 22:46:17,666] INFO: Run polling for bot @diosybot id=7684104886 - 'D!P$Y'
[2025-08-15 22:46:25,419] INFO: Запрос на остановку бота 4 отправлен.
[2025-08-15 22:46:25,419] INFO: Ожидание завершения потока бота 4...
[2025-08-15 22:46:25,420] INFO: Остановка бота @diosybot по запросу.
[2025-08-15 22:46:25,446] INFO: Polling stopped
[2025-08-15 22:46:25,447] ERROR: Failed to fetch updates - TelegramNetworkError: HTTP Client says - ServerDisconnectedError: Server disconnected
[2025-08-15 22:46:25,447] WARNING: Sleep for 1.000000 seconds and try again... (tryings = 0, bot id = 7684104886)
[2025-08-15 22:46:25,698] INFO: Бот 4 успешно остановлен и очищен.
[2025-08-15 22:46:25,698] INFO: 127.0.0.1 - - [15/Aug/2025 22:46:25] "POST /api/bots/4/stop HTTP/1.1" 200 -
[2025-08-15 22:46:37,082] INFO: Бот 4 успешно запущен.
[2025-08-15 22:46:37,083] INFO: 127.0.0.1 - - [15/Aug/2025 22:46:37] "POST /api/bots/4/start HTTP/1.1" 200 -
[2025-08-15 22:46:37,104] INFO: Polling stopped for bot @diosybot id=7684104886 - 'D!P$Y'
[2025-08-15 22:46:37,105] ERROR: Task was destroyed but it is pending!
task: <Task pending name='Task-9' coro=<Dispatcher._polling() done, defined at /home/nick/Projects/Phuket/-home-nick-Projects-001_from_Grok/venv/lib/python3.12/site-packages/aiogram/dispatcher/dispatcher.py:339> wait_for=<Future pending cb=[Task.task_wakeup()]>>
[2025-08-15 22:46:37,121] AUTO-UPDATE INFO: 🔍 Checking for updates...
[2025-08-15 22:46:37,121] INFO: 🔍 Checking for updates...
[2025-08-15 22:46:38,152] INFO: Бот diosybot запущен.
[2025-08-15 22:46:38,152] INFO: Запуск Telegram-бота @diosybot...
[2025-08-15 22:46:38,345] INFO: Start polling
[2025-08-15 22:46:38,616] INFO: Run polling for bot @diosybot id=7684104886 - 'D!P$Y'
[2025-08-15 22:46:40,726] AUTO-UPDATE INFO: ✅ Git command succeeded: git fetch origin
[2025-08-15 22:46:40,726] INFO: ✅ Git command succeeded: git fetch origin
[2025-08-15 22:46:40,733] AUTO-UPDATE INFO: ✅ Git command succeeded: git rev-parse HEAD
[2025-08-15 22:46:40,733] INFO: ✅ Git command succeeded: git rev-parse HEAD
[2025-08-15 22:46:40,739] AUTO-UPDATE INFO: ✅ Git command succeeded: git rev-parse origin/master
[2025-08-15 22:46:40,739] INFO: ✅ Git command succeeded: git rev-parse origin/master
[2025-08-15 22:46:40,744] AUTO-UPDATE INFO: ✅ Git command succeeded: git log df006d2c6ca71fa8ae7e91157cfb2b930dcf881f..26d1ab962018f5b4675775d412a1cf7ce0029fab --oneline --max-count=10
[2025-08-15 22:46:40,744] INFO: ✅ Git command succeeded: git log df006d2c6ca71fa8ae7e91157cfb2b930dcf881f..26d1ab962018f5b4675775d412a1cf7ce0029fab --oneline --max-count=10
[2025-08-15 22:46:40,744] AUTO-UPDATE INFO: ✅ Update check completed: Updates available
[2025-08-15 22:46:40,744] INFO: ✅ Update check completed: Updates available
[2025-08-15 22:46:40,745] INFO: 127.0.0.1 - - [15/Aug/2025 22:46:40] "GET /api/check-updates HTTP/1.1" 200 -
[2025-08-15 22:46:49,734] INFO: 127.0.0.1 - - [15/Aug/2025 22:46:49] "[31m[1mPOST /api/update HTTP/1.1[0m" 409 -
